#0 building with "desktop-linux" instance using docker driver

#1 [internal] load build definition from Dockerfile
#1 transferring dockerfile: 1.38kB done
#1 DONE 0.0s

#2 [auth] library/node:pull token for registry-1.docker.io
#2 DONE 0.0s

#3 [auth] library/debian:pull token for registry-1.docker.io
#3 DONE 0.0s

#4 [auth] library/rust:pull token for registry-1.docker.io
#4 DONE 0.0s

#5 [internal] load metadata for docker.io/library/node:20-alpine
#5 DONE 0.4s

#6 [internal] load metadata for docker.io/library/rust:1.83
#6 DONE 0.4s

#7 [internal] load metadata for docker.io/library/debian:bookworm-slim
#7 DONE 0.4s

#8 [internal] load .dockerignore
#8 transferring context: 2B done
#8 DONE 0.0s

#9 [frontend-builder 1/6] FROM docker.io/library/node:20-alpine@sha256:674181320f4f94582c6182eaa151bf92c6744d478be0f1d12db804b7d59b2d11
#9 resolve docker.io/library/node:20-alpine@sha256:674181320f4f94582c6182eaa151bf92c6744d478be0f1d12db804b7d59b2d11 0.0s done
#9 DONE 0.0s

#10 [backend-builder 1/8] FROM docker.io/library/rust:1.83@sha256:a45bf1f5d9af0a23b26703b3500d70af1abff7f984a7abef5a104b42c02a292b
#10 resolve docker.io/library/rust:1.83@sha256:a45bf1f5d9af0a23b26703b3500d70af1abff7f984a7abef5a104b42c02a292b 0.0s done
#10 DONE 0.0s

#11 [stage-2 1/7] FROM docker.io/library/debian:bookworm-slim@sha256:6ac2c08566499cc2415926653cf2ed7c3aedac445675a013cc09469c9e118fdd
#11 resolve docker.io/library/debian:bookworm-slim@sha256:6ac2c08566499cc2415926653cf2ed7c3aedac445675a013cc09469c9e118fdd 0.0s done
#11 DONE 0.0s

#12 [frontend-builder 2/6] WORKDIR /app
#12 CACHED

#13 [stage-2 2/7] WORKDIR /app
#13 CACHED

#14 [backend-builder 2/8] WORKDIR /build
#14 CACHED

#15 [internal] load build context
#15 transferring context: 1.53MB 0.4s done
#15 DONE 0.4s

#16 [backend-builder 3/8] COPY Cargo.toml Cargo.lock ./
#16 ERROR: failed to calculate checksum of ref 169312g3e9htp9a5ok49svs70::989ovunopfjrkii9tuzqlpsme: "/Cargo.lock": not found

#17 [stage-2 3/7] RUN apt-get update && apt-get install -y     ca-certificates     curl     && rm -rf /var/lib/apt/lists/*
#17 0.161 Get:1 http://deb.debian.org/debian bookworm InRelease [151 kB]
#17 0.180 Get:2 http://deb.debian.org/debian bookworm-updates InRelease [55.4 kB]
#17 0.185 Get:3 http://deb.debian.org/debian-security bookworm-security InRelease [48.0 kB]
#17 0.251 Get:4 http://deb.debian.org/debian bookworm/main arm64 Packages [8693 kB]
#17 0.375 Get:5 http://deb.debian.org/debian bookworm-updates/main arm64 Packages [756 B]
#17 0.375 Get:6 http://deb.debian.org/debian-security bookworm-security/main arm64 Packages [267 kB]
#17 CANCELED

#18 [frontend-builder 3/6] COPY frontend/package*.json ./
#18 CANCELED
------
 > [backend-builder 3/8] COPY Cargo.toml Cargo.lock ./:
------
Dockerfile:12
--------------------
  10 |     
  11 |     # Copy AMOS workspace files
  12 | >>> COPY Cargo.toml Cargo.lock ./
  13 |     COPY crates ./crates
  14 |     COPY backend ./backend
--------------------
ERROR: failed to build: failed to solve: failed to compute cache key: failed to calculate checksum of ref 169312g3e9htp9a5ok49svs70::989ovunopfjrkii9tuzqlpsme: "/Cargo.lock": not found

View build details: docker-desktop://dashboard/build/desktop-linux/desktop-linux/vjsemwk07yk3qrtsqvnzmlcbi
